# JRE version: OpenJDK Runtime Environment (8.0_112-b06) (build 1.8.0_112-release-b06)
# Java VM: OpenJDK 64-Bit Server VM (25.112-b06 mixed mode windows-amd64 compressed oops)
Heap:
 PSYoungGen      total 420352K, used 29991K [0x00000000e0000000, 0x00000000fbd80000, 0x0000000100000000)
  eden space 395776K, 1% used [0x00000000e0000000,0x00000000e068ca78,0x00000000f8280000)
  from space 24576K, 94% used [0x00000000f9e00000,0x00000000fb4bd1a8,0x00000000fb600000)
  to   space 28160K, 0% used [0x00000000f8280000,0x00000000f8280000,0x00000000f9e00000)
 ParOldGen       total 99328K, used 50941K [0x00000000a0000000, 0x00000000a6100000, 0x00000000e0000000)
  object space 99328K, 51% used [0x00000000a0000000,0x00000000a31bf7a8,0x00000000a6100000)
 Metaspace       used 67915K, capacity 71584K, committed 71768K, reserved 1112064K
  class space    used 8770K, capacity 9514K, committed 9560K, reserved 1048576K
GC Heap History (10 events):
Event: 642.891 GC heap before
{Heap before GC invocations=20 (full 5):
 PSYoungGen      total 348672K, used 64K [0x00000000e0000000, 0x00000000f6d00000, 0x0000000100000000)
  eden space 324608K, 0% used [0x00000000e0000000,0x00000000e0000000,0x00000000f3d00000)
  from space 24064K, 0% used [0x00000000f3d00000,0x00000000f3d10000,0x00000000f5480000)
  to   space 24576K, 0% used [0x00000000f5500000,0x00000000f5500000,0x00000000f6d00000)
 ParOldGen       total 99328K, used 51797K [0x00000000a0000000, 0x00000000a6100000, 0x00000000e0000000)
  object space 99328K, 52% used [0x00000000a0000000,0x00000000a3295490,0x00000000a6100000)
 Metaspace       used 66139K, capacity 69378K, committed 69592K, reserved 1110016K
  class space    used 8650K, capacity 9349K, committed 9432K, reserved 1048576K
Event: 643.560 GC heap after
Heap after GC invocations=20 (full 5):
 PSYoungGen      total 348672K, used 0K [0x00000000e0000000, 0x00000000f6d00000, 0x0000000100000000)
  eden space 324608K, 0% used [0x00000000e0000000,0x00000000e0000000,0x00000000f3d00000)
  from space 24064K, 0% used [0x00000000f3d00000,0x00000000f3d00000,0x00000000f5480000)
  to   space 24576K, 0% used [0x00000000f5500000,0x00000000f5500000,0x00000000f6d00000)
 ParOldGen       total 99328K, used 50949K [0x00000000a0000000, 0x00000000a6100000, 0x00000000e0000000)
  object space 99328K, 51% used [0x00000000a0000000,0x00000000a31c1770,0x00000000a6100000)
 Metaspace       used 66139K, capacity 69378K, committed 69592K, reserved 1110016K
  class space    used 8650K, capacity 9349K, committed 9432K, reserved 1048576K
}
Event: 644.927 GC heap before
{Heap before GC invocations=21 (full 5):
 PSYoungGen      total 348672K, used 3817K [0x00000000e0000000, 0x00000000f6d00000, 0x0000000100000000)
  eden space 324608K, 1% used [0x00000000e0000000,0x00000000e03ba590,0x00000000f3d00000)
  from space 24064K, 0% used [0x00000000f3d00000,0x00000000f3d00000,0x00000000f5480000)
  to   space 24576K, 0% used [0x00000000f5500000,0x00000000f5500000,0x00000000f6d00000)
 ParOldGen       total 99328K, used 50949K [0x00000000a0000000, 0x00000000a6100000, 0x00000000e0000000)
  object space 99328K, 51% used [0x00000000a0000000,0x00000000a31c1770,0x00000000a6100000)
 Metaspace       used 66139K, capacity 69378K, committed 69592K, reserved 1110016K
  class space    used 8650K, capacity 9349K, committed 9432K, reserved 1048576K
Event: 644.937 GC heap after
Heap after GC invocations=21 (full 5):
 PSYoungGen      total 349184K, used 32K [0x00000000e0000000, 0x00000000f6d00000, 0x0000000100000000)
  eden space 324608K, 0% used [0x00000000e0000000,0x00000000e0000000,0x00000000f3d00000)
  from space 24576K, 0% used [0x00000000f5500000,0x00000000f5508000,0x00000000f6d00000)
  to   space 24576K, 0% used [0x00000000f3d00000,0x00000000f3d00000,0x00000000f5500000)
 ParOldGen       total 99328K, used 50949K [0x00000000a0000000, 0x00000000a6100000, 0x00000000e0000000)
  object space 99328K, 51% used [0x00000000a0000000,0x00000000a31c1770,0x00000000a6100000)
 Metaspace       used 66139K, capacity 69378K, committed 69592K, reserved 1110016K
  class space    used 8650K, capacity 9349K, committed 9432K, reserved 1048576K
}
Event: 644.937 GC heap before
{Heap before GC invocations=22 (full 6):
 PSYoungGen      total 349184K, used 32K [0x00000000e0000000, 0x00000000f6d00000, 0x0000000100000000)
  eden space 324608K, 0% used [0x00000000e0000000,0x00000000e0000000,0x00000000f3d00000)
  from space 24576K, 0% used [0x00000000f5500000,0x00000000f5508000,0x00000000f6d00000)
  to   space 24576K, 0% used [0x00000000f3d00000,0x00000000f3d00000,0x00000000f5500000)
 ParOldGen       total 99328K, used 50949K [0x00000000a0000000, 0x00000000a6100000, 0x00000000e0000000)
  object space 99328K, 51% used [0x00000000a0000000,0x00000000a31c1770,0x00000000a6100000)
 Metaspace       used 66139K, capacity 69378K, committed 69592K, reserved 1110016K
  class space    used 8650K, capacity 9349K, committed 9432K, reserved 1048576K
Event: 645.472 GC heap after
Heap after GC invocations=22 (full 6):
 PSYoungGen      total 349184K, used 0K [0x00000000e0000000, 0x00000000f6d00000, 0x0000000100000000)
  eden space 324608K, 0% used [0x00000000e0000000,0x00000000e0000000,0x00000000f3d00000)
  from space 24576K, 0% used [0x00000000f5500000,0x00000000f5500000,0x00000000f6d00000)
  to   space 24576K, 0% used [0x00000000f3d00000,0x00000000f3d00000,0x00000000f5500000)
 ParOldGen       total 99328K, used 50933K [0x00000000a0000000, 0x00000000a6100000, 0x00000000e0000000)
  object space 99328K, 51% used [0x00000000a0000000,0x00000000a31bd7a8,0x00000000a6100000)
 Metaspace       used 66139K, capacity 69378K, committed 69592K, reserved 1110016K
  class space    used 8650K, capacity 9349K, committed 9432K, reserved 1048576K
}
Event: 701.229 GC heap before
{Heap before GC invocations=23 (full 6):
 PSYoungGen      total 349184K, used 324608K [0x00000000e0000000, 0x00000000f6d00000, 0x0000000100000000)
  eden space 324608K, 100% used [0x00000000e0000000,0x00000000f3d00000,0x00000000f3d00000)
  from space 24576K, 0% used [0x00000000f5500000,0x00000000f5500000,0x00000000f6d00000)
  to   space 24576K, 0% used [0x00000000f3d00000,0x00000000f3d00000,0x00000000f5500000)
 ParOldGen       total 99328K, used 50933K [0x00000000a0000000, 0x00000000a6100000, 0x00000000e0000000)
  object space 99328K, 51% used [0x00000000a0000000,0x00000000a31bd7a8,0x00000000a6100000)
 Metaspace       used 67195K, capacity 70488K, committed 70616K, reserved 1110016K
  class space    used 8704K, capacity 9416K, committed 9432K, reserved 1048576K
Event: 701.493 GC heap after
Heap after GC invocations=23 (full 6):
 PSYoungGen      total 349184K, used 11966K [0x00000000e0000000, 0x00000000fb600000, 0x0000000100000000)
  eden space 324608K, 0% used [0x00000000e0000000,0x00000000e0000000,0x00000000f3d00000)
  from space 24576K, 48% used [0x00000000f3d00000,0x00000000f48afbd0,0x00000000f5500000)
  to   space 24576K, 0% used [0x00000000f9e00000,0x00000000f9e00000,0x00000000fb600000)
 ParOldGen       total 99328K, used 50933K [0x00000000a0000000, 0x00000000a6100000, 0x00000000e0000000)
  object space 99328K, 51% used [0x00000000a0000000,0x00000000a31bd7a8,0x00000000a6100000)
 Metaspace       used 67195K, capacity 70488K, committed 70616K, reserved 1110016K
  class space    used 8704K, capacity 9416K, committed 9432K, reserved 1048576K
}
Event: 3759.157 GC heap before
{Heap before GC invocations=24 (full 6):
 PSYoungGen      total 349184K, used 336574K [0x00000000e0000000, 0x00000000fb600000, 0x0000000100000000)
  eden space 324608K, 100% used [0x00000000e0000000,0x00000000f3d00000,0x00000000f3d00000)
  from space 24576K, 48% used [0x00000000f3d00000,0x00000000f48afbd0,0x00000000f5500000)
  to   space 24576K, 0% used [0x00000000f9e00000,0x00000000f9e00000,0x00000000fb600000)
 ParOldGen       total 99328K, used 50933K [0x00000000a0000000, 0x00000000a6100000, 0x00000000e0000000)
  object space 99328K, 51% used [0x00000000a0000000,0x00000000a31bd7a8,0x00000000a6100000)
 Metaspace       used 67912K, capacity 71584K, committed 71768K, reserved 1112064K
  class space    used 8770K, capacity 9514K, committed 9560K, reserved 1048576K
Event: 3794.209 GC heap after
Heap after GC invocations=24 (full 6):
 PSYoungGen      total 420352K, used 23284K [0x00000000e0000000, 0x00000000fbd80000, 0x0000000100000000)
  eden space 395776K, 0% used [0x00000000e0000000,0x00000000e0000000,0x00000000f8280000)
  from space 24576K, 94% used [0x00000000f9e00000,0x00000000fb4bd1a8,0x00000000fb600000)
  to   space 28160K, 0% used [0x00000000f8280000,0x00000000f8280000,0x00000000f9e00000)
 ParOldGen       total 99328K, used 50941K [0x00000000a0000000, 0x00000000a6100000, 0x00000000e0000000)
  object space 99328K, 51% used [0x00000000a0000000,0x00000000a31bf7a8,0x00000000a6100000)
 Metaspace       used 67912K, capacity 71584K, committed 71768K, reserved 1112064K
  class space    used 8770K, capacity 9514K, committed 9560K, reserved 1048576K
}

